<?xml version="1.0" encoding="UTF-8"?>
<testng-results skipped="0" failed="0" ignored="0" total="1" passed="1">
  <reporter-output>
  </reporter-output>
  <suite name="ElementNotVisibleSuite" duration-ms="29302" started-at="2020-06-23T13:33:07Z" finished-at="2020-06-23T13:33:36Z">
    <groups>
    </groups>
    <test name="ElementNotVisible" duration-ms="29302" started-at="2020-06-23T13:33:07Z" finished-at="2020-06-23T13:33:36Z">
      <class name="com.application.test.ElementNotVisible">
        <test-method status="PASS" signature="setUp()[pri:0, instance:com.application.test.ElementNotVisible@e720b71]" name="setUp" is-config="true" duration-ms="12792" started-at="2020-06-23T13:33:07Z" finished-at="2020-06-23T13:33:20Z">
          <reporter-output>
          </reporter-output>
        </test-method> <!-- setUp -->
        <test-method status="PASS" signature="elemnetNotVisibleTest()[pri:0, instance:com.application.test.ElementNotVisible@e720b71]" name="elemnetNotVisibleTest" duration-ms="16482" started-at="2020-06-23T13:33:20Z" finished-at="2020-06-23T13:33:36Z">
          <reporter-output>
          </reporter-output>
        </test-method> <!-- elemnetNotVisibleTest -->
      </class> <!-- com.application.test.ElementNotVisible -->
    </test> <!-- ElementNotVisible -->
  </suite> <!-- ElementNotVisibleSuite -->
</testng-results>
