<?xml version="1.0" encoding="UTF-8"?>
<!-- Generated by org.testng.reporters.JUnitXMLReporter -->
<testsuite hostname="DESKTOP-GO42ECB" ignored="0" name="ParallelClasses" tests="8" failures="0" timestamp="23 Jun 2020 13:32:17 GMT" time="0.098" errors="0">
  <testcase name="testCase1" time="0.02" classname="com.application.parallelclasses.ParallelClass2"/>
  <testcase name="testCase1" time="0.02" classname="com.application.parallelclasses.ParallelClass1"/>
  <testcase name="testCase2" time="0.007" classname="com.application.parallelclasses.ParallelClass1"/>
  <testcase name="testCase2" time="0.003" classname="com.application.parallelclasses.ParallelClass2"/>
  <testcase name="testCase3" time="0.009" classname="com.application.parallelclasses.ParallelClass1"/>
  <testcase name="testCase3" time="0.004" classname="com.application.parallelclasses.ParallelClass2"/>
  <testcase name="testCase4" time="0.004" classname="com.application.parallelclasses.ParallelClass1"/>
  <testcase name="testCase4" time="0.009" classname="com.application.parallelclasses.ParallelClass2"/>
</testsuite> <!-- ParallelClasses -->
